<?xml version="1.0" encoding="UTF-8"?>
<!-- Generated by org.testng.reporters.JUnitReportReporter -->
<testsuite hostname="DESKTOP-KFF6RM1" failures="0" tests="3" name="cucumber.framework.runner.nopc.scenefirst.LoginRunner" time="28.345" errors="0" timestamp="2022-09-22T14:20:06 WIB" skipped="0">
  <testcase classname="cucumber.framework.runner.nopc.scenefirst.LoginRunner" name="runScenario" time="8.071"/>
  <system-out/>
  <testcase classname="cucumber.framework.runner.nopc.scenefirst.LoginRunner" name="runScenario" time="2.123"/>
  <system-out/>
  <testcase classname="cucumber.framework.runner.nopc.scenefirst.LoginRunner" name="runScenario" time="18.151"/>
  <system-out/>
</testsuite> <!-- cucumber.framework.runner.nopc.scenefirst.LoginRunner -->
